<?xml version="1.0" encoding="utf-8"?>
<testsuite xmlns:xsi="http://www.w3.org/2001/XMLSchema-instance" xsi:schemaLocation="https://git.kernel.org/pub/scm/fs/xfs/xfstests-dev.git https://git.kernel.org/pub/scm/fs/xfs/xfstests-dev.git/tree/doc/xunit.xsd" name="xfstests" failures="3" skipped="47" tests="456" time="1056" hostname="kvm-xfstests" start_timestamp="2025-03-10T08:44:49+00:00" timestamp="2025-03-10T09:02:22+00:00" report_timestamp="2025-03-10T09:02:25+00:00">
	
	
	<properties>
		
		
		<property name="CMDLINE" value="-c adv quick"/>
		<property name="KERNEL" value="kernel	6.14.0-rc2-xfstests-00023-gfcf378ad3893-dirty #4 SMP PREEMPT_DYNAMIC Sun Mar  9 16:15:29 IST 2025 x86_64"/>
		<property name="FSTESTVER" value="blktests	e7c1732 (Fri, 20 Dec 2024 17:49:56 +0900)"/>
		<property name="FSTESTVER" value="fio		fio-3.38 (Wed, 2 Oct 2024 12:53:13 -0600)"/>
		<property name="FSTESTVER" value="fsverity	v1.6 (Wed, 20 Mar 2024 21:21:46 -0700)"/>
		<property name="FSTESTVER" value="ima-evm-utils	v1.5 (Mon, 6 Mar 2023 07:40:07 -0500)"/>
		<property name="FSTESTVER" value="libaio  	libaio-0.3.108-82-gb8eadc9 (Thu, 2 Jun 2022 13:33:11 +0200)"/>
		<property name="FSTESTVER" value="ltp		20240930-142-g52805efd1 (Fri, 20 Dec 2024 13:06:48 +0100)"/>
		<property name="FSTESTVER" value="quota		v4.05-69-g68952f1 (Mon, 7 Oct 2024 15:45:56 -0400)"/>
		<property name="FSTESTVER" value="util-linux	v2.40.2 (Thu, 4 Jul 2024 09:59:17 +0200)"/>
		<property name="FSTESTVER" value="xfsprogs	v6.12.0 (Mon, 2 Dec 2024 22:40:29 +0100)"/>
		<property name="FSTESTVER" value="xfstests	v2024.12.22-11-g30d5e1933 (Tue, 24 Dec 2024 10:18:57 -0500)"/>
		<property name="FSTESTVER" value="xfstests-bld	ad8889ba (Mon, 23 Dec 2024 12:10:25 -0500)"/>
		<property name="FSTESTVER" value="zz_build-distro	bookworm"/>
		<property name="FSTESTCFG" value="adv"/>
		<property name="FSTESTSET" value="-g quick"/>
		<property name="FSTESTEXC" value=""/>
		<property name="FSTESTOPT" value="aex"/>
		<property name="MNTOPTS" value=""/>
		<property name="CPUS" value="2"/>
		<property name="MEM" value="1972.12"/>
		<property name="TESTCFG" value="ext4/adv"/>
	</properties>
	
	
	<testcase classname="xfstests.global" name="ext4/001" time="1">
	</testcase>
	
	
	<testcase classname="xfstests.global" name="ext4/002" time="0">
		
		
		<skipped message="This test requires a valid $SCRATCH_LOGDEV"/>
		
	
	</testcase>
	
	
	<testcase classname="xfstests.global" name="ext4/003" time="0">
	</testcase>
	
	
	<testcase classname="xfstests.global" name="ext4/005" time="0">
	</testcase>
	
	
	<testcase classname="xfstests.global" name="ext4/020" time="0">
	</testcase>
	
	
	<testcase classname="xfstests.global" name="ext4/021" time="10">
	</testcase>
	
	
	<testcase classname="xfstests.global" name="ext4/022" time="1">
	</testcase>
	
	
	<testcase classname="xfstests.global" name="ext4/023" time="1">
	</testcase>
	
	
	<testcase classname="xfstests.global" name="ext4/024" time="1">
	</testcase>
	
	
	<testcase classname="xfstests.global" name="ext4/025" time="0">
	</testcase>
	
	
	<testcase classname="xfstests.global" name="ext4/026" time="1">
	</testcase>
	
	
	<testcase classname="xfstests.global" name="ext4/027" time="0">
	</testcase>
	
	
	<testcase classname="xfstests.global" name="ext4/028" time="1">
	</testcase>
	
	
	<testcase classname="xfstests.global" name="ext4/029" time="0">
		
		
		<skipped message="This test requires a valid $SCRATCH_LOGDEV"/>
		
	
	</testcase>
	
	
	<testcase classname="xfstests.global" name="ext4/032" time="5">
	</testcase>
	
	
	<testcase classname="xfstests.global" name="ext4/034" time="0">
	</testcase>
	
	
	<testcase classname="xfstests.global" name="ext4/035" time="1">
	</testcase>
	
	
	<testcase classname="xfstests.global" name="ext4/036" time="0">
	</testcase>
	
	
	<testcase classname="xfstests.global" name="ext4/037" time="0">
	</testcase>
	
	
	<testcase classname="xfstests.global" name="ext4/038" time="0">
	</testcase>
	
	
	<testcase classname="xfstests.global" name="ext4/042" time="0">
	</testcase>
	
	
	<testcase classname="xfstests.global" name="ext4/043" time="0">
	</testcase>
	
	
	<testcase classname="xfstests.global" name="ext4/046" time="0">
		
		
		<skipped message="scratch device too small, 5242880 &lt; 6291456"/>
		
	
	</testcase>
	
	
	<testcase classname="xfstests.global" name="ext4/048" time="1">
	</testcase>
	
	
	<testcase classname="xfstests.global" name="ext4/049" time="5">
	</testcase>
	
	
	<testcase classname="xfstests.global" name="ext4/050" time="0">
	</testcase>
	
	
	<testcase classname="xfstests.global" name="ext4/051" time="0">
	</testcase>
	
	
	<testcase classname="xfstests.global" name="ext4/052" time="5">
	</testcase>
	
	
	<testcase classname="xfstests.global" name="ext4/054" time="1">
	</testcase>
	
	
	<testcase classname="xfstests.global" name="ext4/056" time="0">
	</testcase>
	
	
	<testcase classname="xfstests.global" name="ext4/058" time="0">
	</testcase>
	
	
	<testcase classname="xfstests.global" name="ext4/059" time="1">
	</testcase>
	
	
	<testcase classname="xfstests.global" name="ext4/060" time="0">
		
		
		<skipped message="scratch device size too small, 5242880 &lt; 9437184"/>
		
	
	</testcase>
	
	
	<testcase classname="xfstests.global" name="ext4/271" time="0">
	</testcase>
	
	
	<testcase classname="xfstests.global" name="ext4/306" time="0">
	</testcase>
	
	
	<testcase classname="xfstests.global" name="ext4/308" time="3">
	</testcase>
	
	
	<testcase classname="xfstests.global" name="generic/001" time="1">
	</testcase>
	
	
	<testcase classname="xfstests.global" name="generic/002" time="1">
	</testcase>
	
	
	<testcase classname="xfstests.global" name="generic/003" time="9">
	</testcase>
	
	
	<testcase classname="xfstests.global" name="generic/004" time="0">
	</testcase>
	
	
	<testcase classname="xfstests.global" name="generic/005" time="0">
	</testcase>
	
	
	<testcase classname="xfstests.global" name="generic/006" time="1">
	</testcase>
	
	
	<testcase classname="xfstests.global" name="generic/007" time="0">
	</testcase>
	
	
	<testcase classname="xfstests.global" name="generic/008" time="0">
	</testcase>
	
	
	<testcase classname="xfstests.global" name="generic/009" time="1">
	</testcase>
	
	
	<testcase classname="xfstests.global" name="generic/011" time="0">
	</testcase>
	
	
	<testcase classname="xfstests.global" name="generic/012" time="1">
	</testcase>
	
	
	<testcase classname="xfstests.global" name="generic/013" time="2">
	</testcase>
	
	
	<testcase classname="xfstests.global" name="generic/014" time="1">
	</testcase>
	
	
	<testcase classname="xfstests.global" name="generic/015" time="0">
	</testcase>
	
	
	<testcase classname="xfstests.global" name="generic/016" time="1">
	</testcase>
	
	
	<testcase classname="xfstests.global" name="generic/018" time="1">
	</testcase>
	
	
	<testcase classname="xfstests.global" name="generic/020" time="0">
	</testcase>
	
	
	<testcase classname="xfstests.global" name="generic/021" time="1">
	</testcase>
	
	
	<testcase classname="xfstests.global" name="generic/022" time="0">
	</testcase>
	
	
	<testcase classname="xfstests.global" name="generic/023" time="1">
	</testcase>
	
	
	<testcase classname="xfstests.global" name="generic/024" time="0">
	</testcase>
	
	
	<testcase classname="xfstests.global" name="generic/025" time="0">
	</testcase>
	
	
	<testcase classname="xfstests.global" name="generic/026" time="0">
		
		
		<skipped message="ext4 does not define maximum ACL count"/>
		
	
	</testcase>
	
	
	<testcase classname="xfstests.global" name="generic/028" time="6">
	</testcase>
	
	
	<testcase classname="xfstests.global" name="generic/029" time="0">
	</testcase>
	
	
	<testcase classname="xfstests.global" name="generic/030" time="1">
	</testcase>
	
	
	<testcase classname="xfstests.global" name="generic/031" time="0">
	</testcase>
	
	
	<testcase classname="xfstests.global" name="generic/032" time="2">
		
		
		<failure message="- output mismatch (see /results/ext4/results-adv/generic/032.out.bad)" type="TestFail"/>
		
	
	</testcase>
	
	
	<testcase classname="xfstests.global" name="generic/032" time="3">
	</testcase>
	
	
	<testcase classname="xfstests.global" name="generic/032" time="3">
	</testcase>
	
	
	<testcase classname="xfstests.global" name="generic/032" time="3">
	</testcase>
	
	
	<testcase classname="xfstests.global" name="generic/032" time="3">
	</testcase>
	
	
	<testcase classname="xfstests.global" name="generic/033" time="0">
	</testcase>
	
	
	<testcase classname="xfstests.global" name="generic/034" time="1">
	</testcase>
	
	
	<testcase classname="xfstests.global" name="generic/035" time="0">
	</testcase>
	
	
	<testcase classname="xfstests.global" name="generic/037" time="3">
	</testcase>
	
	
	<testcase classname="xfstests.global" name="generic/039" time="1">
	</testcase>
	
	
	<testcase classname="xfstests.global" name="generic/040" time="3">
	</testcase>
	
	
	<testcase classname="xfstests.global" name="generic/041" time="3">
	</testcase>
	
	
	<testcase classname="xfstests.global" name="generic/050" time="0">
	</testcase>
	
	
	<testcase classname="xfstests.global" name="generic/052" time="0">
	</testcase>
	
	
	<testcase classname="xfstests.global" name="generic/053" time="0">
	</testcase>
	
	
	<testcase classname="xfstests.global" name="generic/056" time="1">
	</testcase>
	
	
	<testcase classname="xfstests.global" name="generic/057" time="0">
	</testcase>
	
	
	<testcase classname="xfstests.global" name="generic/058" time="1">
	</testcase>
	
	
	<testcase classname="xfstests.global" name="generic/059" time="1">
	</testcase>
	
	
	<testcase classname="xfstests.global" name="generic/060" time="1">
	</testcase>
	
	
	<testcase classname="xfstests.global" name="generic/061" time="0">
	</testcase>
	
	
	<testcase classname="xfstests.global" name="generic/062" time="0">
	</testcase>
	
	
	<testcase classname="xfstests.global" name="generic/063" time="1">
	</testcase>
	
	
	<testcase classname="xfstests.global" name="generic/064" time="0">
	</testcase>
	
	
	<testcase classname="xfstests.global" name="generic/065" time="0">
	</testcase>
	
	
	<testcase classname="xfstests.global" name="generic/066" time="1">
	</testcase>
	
	
	<testcase classname="xfstests.global" name="generic/067" time="0">
	</testcase>
	
	
	<testcase classname="xfstests.global" name="generic/069" time="2">
	</testcase>
	
	
	<testcase classname="xfstests.global" name="generic/070" time="1">
	</testcase>
	
	
	<testcase classname="xfstests.global" name="generic/071" time="0">
	</testcase>
	
	
	<testcase classname="xfstests.global" name="generic/073" time="0">
	</testcase>
	
	
	<testcase classname="xfstests.global" name="generic/075" time="10">
	</testcase>
	
	
	<testcase classname="xfstests.global" name="generic/076" time="0">
	</testcase>
	
	
	<testcase classname="xfstests.global" name="generic/078" time="0">
	</testcase>
	
	
	<testcase classname="xfstests.global" name="generic/079" time="0">
	</testcase>
	
	
	<testcase classname="xfstests.global" name="generic/080" time="2">
	</testcase>
	
	
	<testcase classname="xfstests.global" name="generic/081" time="1">
	</testcase>
	
	
	<testcase classname="xfstests.global" name="generic/082" time="1">
	</testcase>
	
	
	<testcase classname="xfstests.global" name="generic/084" time="5">
	</testcase>
	
	
	<testcase classname="xfstests.global" name="generic/086" time="1">
	</testcase>
	
	
	<testcase classname="xfstests.global" name="generic/087" time="0">
	</testcase>
	
	
	<testcase classname="xfstests.global" name="generic/088" time="1">
	</testcase>
	
	
	<testcase classname="xfstests.global" name="generic/090" time="0">
	</testcase>
	
	
	<testcase classname="xfstests.global" name="generic/091" time="4">
	</testcase>
	
	
	<testcase classname="xfstests.global" name="generic/092" time="1">
	</testcase>
	
	
	<testcase classname="xfstests.global" name="generic/094" time="2">
	</testcase>
	
	
	<testcase classname="xfstests.global" name="generic/095" time="3">
	</testcase>
	
	
	<testcase classname="xfstests.global" name="generic/096" time="0">
	</testcase>
	
	
	<testcase classname="xfstests.global" name="generic/097" time="0">
	</testcase>
	
	
	<testcase classname="xfstests.global" name="generic/098" time="0">
	</testcase>
	
	
	<testcase classname="xfstests.global" name="generic/099" time="0">
	</testcase>
	
	
	<testcase classname="xfstests.global" name="generic/101" time="0">
	</testcase>
	
	
	<testcase classname="xfstests.global" name="generic/103" time="1">
	</testcase>
	
	
	<testcase classname="xfstests.global" name="generic/104" time="0">
	</testcase>
	
	
	<testcase classname="xfstests.global" name="generic/105" time="1">
	</testcase>
	
	
	<testcase classname="xfstests.global" name="generic/106" time="0">
	</testcase>
	
	
	<testcase classname="xfstests.global" name="generic/107" time="1">
	</testcase>
	
	
	<testcase classname="xfstests.global" name="generic/108" time="0">
		
		
		<skipped message="scsi_debug module not found"/>
		
	
	</testcase>
	
	
	<testcase classname="xfstests.global" name="generic/112" time="9">
	</testcase>
	
	
	<testcase classname="xfstests.global" name="generic/113" time="8">
	</testcase>
	
	
	<testcase classname="xfstests.global" name="generic/114" time="2">
	</testcase>
	
	
	<testcase classname="xfstests.global" name="generic/117" time="2">
	</testcase>
	
	
	<testcase classname="xfstests.global" name="generic/120" time="15">
	</testcase>
	
	
	<testcase classname="xfstests.global" name="generic/123" time="1">
	</testcase>
	
	
	<testcase classname="xfstests.global" name="generic/124" time="1">
	</testcase>
	
	
	<testcase classname="xfstests.global" name="generic/126" time="0">
	</testcase>
	
	
	<testcase classname="xfstests.global" name="generic/128" time="0">
	</testcase>
	
	
	<testcase classname="xfstests.global" name="generic/129" time="1">
	</testcase>
	
	
	<testcase classname="xfstests.global" name="generic/130" time="2">
	</testcase>
	
	
	<testcase classname="xfstests.global" name="generic/131" time="2">
	</testcase>
	
	
	<testcase classname="xfstests.global" name="generic/135" time="0">
	</testcase>
	
	
	<testcase classname="xfstests.global" name="generic/141" time="0">
	</testcase>
	
	
	<testcase classname="xfstests.global" name="generic/169" time="0">
	</testcase>
	
	
	<testcase classname="xfstests.global" name="generic/177" time="1">
	</testcase>
	
	
	<testcase classname="xfstests.global" name="generic/184" time="0">
	</testcase>
	
	
	<testcase classname="xfstests.global" name="generic/193" time="1">
	</testcase>
	
	
	<testcase classname="xfstests.global" name="generic/198" time="0">
	</testcase>
	
	
	<testcase classname="xfstests.global" name="generic/207" time="1">
	</testcase>
	
	
	<testcase classname="xfstests.global" name="generic/210" time="0">
	</testcase>
	
	
	<testcase classname="xfstests.global" name="generic/211" time="0">
	</testcase>
	
	
	<testcase classname="xfstests.global" name="generic/212" time="0">
	</testcase>
	
	
	<testcase classname="xfstests.global" name="generic/213" time="1">
	</testcase>
	
	
	<testcase classname="xfstests.global" name="generic/214" time="0">
	</testcase>
	
	
	<testcase classname="xfstests.global" name="generic/215" time="3">
	</testcase>
	
	
	<testcase classname="xfstests.global" name="generic/219" time="0">
	</testcase>
	
	
	<testcase classname="xfstests.global" name="generic/221" time="2">
	</testcase>
	
	
	<testcase classname="xfstests.global" name="generic/225" time="3">
	</testcase>
	
	
	<testcase classname="xfstests.global" name="generic/228" time="1">
	</testcase>
	
	
	<testcase classname="xfstests.global" name="generic/230" time="12">
	</testcase>
	
	
	<testcase classname="xfstests.global" name="generic/235" time="0">
	</testcase>
	
	
	<testcase classname="xfstests.global" name="generic/236" time="1">
	</testcase>
	
	
	<testcase classname="xfstests.global" name="generic/237" time="0">
	</testcase>
	
	
	<testcase classname="xfstests.global" name="generic/240" time="0">
	</testcase>
	
	
	<testcase classname="xfstests.global" name="generic/244" time="2">
	</testcase>
	
	
	<testcase classname="xfstests.global" name="generic/245" time="1">
	</testcase>
	
	
	<testcase classname="xfstests.global" name="generic/246" time="0">
	</testcase>
	
	
	<testcase classname="xfstests.global" name="generic/247" time="5">
	</testcase>
	
	
	<testcase classname="xfstests.global" name="generic/248" time="0">
	</testcase>
	
	
	<testcase classname="xfstests.global" name="generic/249" time="1">
	</testcase>
	
	
	<testcase classname="xfstests.global" name="generic/250" time="1">
	</testcase>
	
	
	<testcase classname="xfstests.global" name="generic/252" time="1">
	</testcase>
	
	
	<testcase classname="xfstests.global" name="generic/255" time="1">
	</testcase>
	
	
	<testcase classname="xfstests.global" name="generic/256" time="13">
	</testcase>
	
	
	<testcase classname="xfstests.global" name="generic/257" time="0">
	</testcase>
	
	
	<testcase classname="xfstests.global" name="generic/258" time="0">
	</testcase>
	
	
	<testcase classname="xfstests.global" name="generic/260" time="0">
	</testcase>
	
	
	<testcase classname="xfstests.global" name="generic/263" time="7">
	</testcase>
	
	
	<testcase classname="xfstests.global" name="generic/277" time="2">
	</testcase>
	
	
	<testcase classname="xfstests.global" name="generic/286" time="0">
		
		
		<skipped message="File system does not support llseek(2) SEEK_DATA/HOLE"/>
		
	
	</testcase>
	
	
	<testcase classname="xfstests.global" name="generic/288" time="0">
	</testcase>
	
	
	<testcase classname="xfstests.global" name="generic/294" time="0">
	</testcase>
	
	
	<testcase classname="xfstests.global" name="generic/306" time="1">
	</testcase>
	
	
	<testcase classname="xfstests.global" name="generic/307" time="1">
	</testcase>
	
	
	<testcase classname="xfstests.global" name="generic/308" time="1">
	</testcase>
	
	
	<testcase classname="xfstests.global" name="generic/309" time="1">
	</testcase>
	
	
	<testcase classname="xfstests.global" name="generic/312" time="0">
	</testcase>
	
	
	<testcase classname="xfstests.global" name="generic/313" time="4">
	</testcase>
	
	
	<testcase classname="xfstests.global" name="generic/314" time="0">
	</testcase>
	
	
	<testcase classname="xfstests.global" name="generic/315" time="1">
	</testcase>
	
	
	<testcase classname="xfstests.global" name="generic/316" time="0">
	</testcase>
	
	
	<testcase classname="xfstests.global" name="generic/317" time="1">
	</testcase>
	
	
	<testcase classname="xfstests.global" name="generic/318" time="0">
	</testcase>
	
	
	<testcase classname="xfstests.global" name="generic/319" time="1">
	</testcase>
	
	
	<testcase classname="xfstests.global" name="generic/321" time="1">
	</testcase>
	
	
	<testcase classname="xfstests.global" name="generic/322" time="0">
	</testcase>
	
	
	<testcase classname="xfstests.global" name="generic/324" time="5">
	</testcase>
	
	
	<testcase classname="xfstests.global" name="generic/325" time="0">
	</testcase>
	
	
	<testcase classname="xfstests.global" name="generic/335" time="1">
	</testcase>
	
	
	<testcase classname="xfstests.global" name="generic/336" time="1">
	</testcase>
	
	
	<testcase classname="xfstests.global" name="generic/337" time="0">
	</testcase>
	
	
	<testcase classname="xfstests.global" name="generic/338" time="1">
	</testcase>
	
	
	<testcase classname="xfstests.global" name="generic/341" time="0">
	</testcase>
	
	
	<testcase classname="xfstests.global" name="generic/342" time="1">
	</testcase>
	
	
	<testcase classname="xfstests.global" name="generic/343" time="1">
	</testcase>
	
	
	<testcase classname="xfstests.global" name="generic/346" time="1">
	</testcase>
	
	
	<testcase classname="xfstests.global" name="generic/347" time="67">
	</testcase>
	
	
	<testcase classname="xfstests.global" name="generic/348" time="0">
	</testcase>
	
	
	<testcase classname="xfstests.global" name="generic/355" time="1">
	</testcase>
	
	
	<testcase classname="xfstests.global" name="generic/360" time="0">
	</testcase>
	
	
	<testcase classname="xfstests.global" name="generic/361" time="2">
	</testcase>
	
	
	<testcase classname="xfstests.global" name="generic/362" time="0">
	</testcase>
	
	
	<testcase classname="xfstests.global" name="generic/364" time="11">
	</testcase>
	
	
	<testcase classname="xfstests.global" name="generic/366" time="14">
	</testcase>
	
	
	<testcase classname="xfstests.global" name="generic/367" time="1">
		
		
		<skipped message="this test requires extsize support on the filesystem"/>
		
	
	</testcase>
	
	
	<testcase classname="xfstests.global" name="generic/371" time="3">
	</testcase>
	
	
	<testcase classname="xfstests.global" name="generic/375" time="1">
	</testcase>
	
	
	<testcase classname="xfstests.global" name="generic/376" time="0">
	</testcase>
	
	
	<testcase classname="xfstests.global" name="generic/377" time="1">
	</testcase>
	
	
	<testcase classname="xfstests.global" name="generic/378" time="0">
	</testcase>
	
	
	<testcase classname="xfstests.global" name="generic/379" time="1">
	</testcase>
	
	
	<testcase classname="xfstests.global" name="generic/380" time="1">
	</testcase>
	
	
	<testcase classname="xfstests.global" name="generic/381" time="0">
	</testcase>
	
	
	<testcase classname="xfstests.global" name="generic/382" time="1">
	</testcase>
	
	
	<testcase classname="xfstests.global" name="generic/383" time="0">
	</testcase>
	
	
	<testcase classname="xfstests.global" name="generic/384" time="0">
	</testcase>
	
	
	<testcase classname="xfstests.global" name="generic/385" time="1">
	</testcase>
	
	
	<testcase classname="xfstests.global" name="generic/386" time="0">
	</testcase>
	
	
	<testcase classname="xfstests.global" name="generic/389" time="0">
	</testcase>
	
	
	<testcase classname="xfstests.global" name="generic/391" time="1">
	</testcase>
	
	
	<testcase classname="xfstests.global" name="generic/393" time="0">
	</testcase>
	
	
	<testcase classname="xfstests.global" name="generic/394" time="0">
	</testcase>
	
	
	<testcase classname="xfstests.global" name="generic/395" time="1">
	</testcase>
	
	
	<testcase classname="xfstests.global" name="generic/396" time="0">
	</testcase>
	
	
	<testcase classname="xfstests.global" name="generic/397" time="1">
	</testcase>
	
	
	<testcase classname="xfstests.global" name="generic/398" time="0">
	</testcase>
	
	
	<testcase classname="xfstests.global" name="generic/400" time="0">
	</testcase>
	
	
	<testcase classname="xfstests.global" name="generic/401" time="1">
	</testcase>
	
	
	<testcase classname="xfstests.global" name="generic/402" time="0">
	</testcase>
	
	
	<testcase classname="xfstests.global" name="generic/403" time="1">
	</testcase>
	
	
	<testcase classname="xfstests.global" name="generic/404" time="4">
	</testcase>
	
	
	<testcase classname="xfstests.global" name="generic/406" time="0">
	</testcase>
	
	
	<testcase classname="xfstests.global" name="generic/409" time="4">
	</testcase>
	
	
	<testcase classname="xfstests.global" name="generic/410" time="9">
	</testcase>
	
	
	<testcase classname="xfstests.global" name="generic/411" time="1">
	</testcase>
	
	
	<testcase classname="xfstests.global" name="generic/412" time="0">
	</testcase>
	
	
	<testcase classname="xfstests.global" name="generic/417" time="10">
	</testcase>
	
	
	<testcase classname="xfstests.global" name="generic/419" time="1">
	</testcase>
	
	
	<testcase classname="xfstests.global" name="generic/420" time="0">
	</testcase>
	
	
	<testcase classname="xfstests.global" name="generic/421" time="2">
	</testcase>
	
	
	<testcase classname="xfstests.global" name="generic/422" time="0">
	</testcase>
	
	
	<testcase classname="xfstests.global" name="generic/423" time="1">
	</testcase>
	
	
	<testcase classname="xfstests.global" name="generic/424" time="0">
	</testcase>
	
	
	<testcase classname="xfstests.global" name="generic/425" time="1">
	</testcase>
	
	
	<testcase classname="xfstests.global" name="generic/426" time="0">
	</testcase>
	
	
	<testcase classname="xfstests.global" name="generic/427" time="1">
	</testcase>
	
	
	<testcase classname="xfstests.global" name="generic/430" time="0">
	</testcase>
	
	
	<testcase classname="xfstests.global" name="generic/431" time="0">
	</testcase>
	
	
	<testcase classname="xfstests.global" name="generic/432" time="1">
	</testcase>
	
	
	<testcase classname="xfstests.global" name="generic/433" time="0">
	</testcase>
	
	
	<testcase classname="xfstests.global" name="generic/434" time="0">
	</testcase>
	
	
	<testcase classname="xfstests.global" name="generic/436" time="0">
		
		
		<skipped message="File system does not support llseek(2) SEEK_DATA/HOLE"/>
		
	
	</testcase>
	
	
	<testcase classname="xfstests.global" name="generic/439" time="0">
	</testcase>
	
	
	<testcase classname="xfstests.global" name="generic/440" time="0">
	</testcase>
	
	
	<testcase classname="xfstests.global" name="generic/441" time="1">
	</testcase>
	
	
	<testcase classname="xfstests.global" name="generic/443" time="0">
	</testcase>
	
	
	<testcase classname="xfstests.global" name="generic/444" time="0">
	</testcase>
	
	
	<testcase classname="xfstests.global" name="generic/445" time="0">
		
		
		<skipped message="File system does not support llseek(2) SEEK_DATA/HOLE"/>
		
	
	</testcase>
	
	
	<testcase classname="xfstests.global" name="generic/446" time="2">
	</testcase>
	
	
	<testcase classname="xfstests.global" name="generic/448" time="0">
		
		
		<skipped message="File system does not support llseek(2) SEEK_DATA/HOLE"/>
		
	
	</testcase>
	
	
	<testcase classname="xfstests.global" name="generic/449" time="1">
	</testcase>
	
	
	<testcase classname="xfstests.global" name="generic/450" time="0">
	</testcase>
	
	
	<testcase classname="xfstests.global" name="generic/451" time="30">
	</testcase>
	
	
	<testcase classname="xfstests.global" name="generic/453" time="0">
	</testcase>
	
	
	<testcase classname="xfstests.global" name="generic/454" time="1">
	</testcase>
	
	
	<testcase classname="xfstests.global" name="generic/456" time="0">
	</testcase>
	
	
	<testcase classname="xfstests.global" name="generic/460" time="2">
	</testcase>
	
	
	<testcase classname="xfstests.global" name="generic/465" time="5">
	</testcase>
	
	
	<testcase classname="xfstests.global" name="generic/466" time="0">
	</testcase>
	
	
	<testcase classname="xfstests.global" name="generic/467" time="1">
	</testcase>
	
	
	<testcase classname="xfstests.global" name="generic/468" time="1">
	</testcase>
	
	
	<testcase classname="xfstests.global" name="generic/469" time="0">
	</testcase>
	
	
	<testcase classname="xfstests.global" name="generic/472" time="0">
	</testcase>
	
	
	<testcase classname="xfstests.global" name="generic/474" time="1">
	</testcase>
	
	
	<testcase classname="xfstests.global" name="generic/478" time="11">
	</testcase>
	
	
	<testcase classname="xfstests.global" name="generic/479" time="1">
	</testcase>
	
	
	<testcase classname="xfstests.global" name="generic/480" time="0">
	</testcase>
	
	
	<testcase classname="xfstests.global" name="generic/481" time="1">
	</testcase>
	
	
	<testcase classname="xfstests.global" name="generic/483" time="2">
	</testcase>
	
	
	<testcase classname="xfstests.global" name="generic/484" time="0">
	</testcase>
	
	
	<testcase classname="xfstests.global" name="generic/485" time="1">
	</testcase>
	
	
	<testcase classname="xfstests.global" name="generic/486" time="0">
	</testcase>
	
	
	<testcase classname="xfstests.global" name="generic/487" time="0">
		
		
		<skipped message="This test requires a valid $SCRATCH_LOGDEV"/>
		
	
	</testcase>
	
	
	<testcase classname="xfstests.global" name="generic/488" time="0">
	</testcase>
	
	
	<testcase classname="xfstests.global" name="generic/489" time="0">
	</testcase>
	
	
	<testcase classname="xfstests.global" name="generic/490" time="0">
		
		
		<skipped message="File system does not support llseek(2) SEEK_DATA/HOLE"/>
		
	
	</testcase>
	
	
	<testcase classname="xfstests.global" name="generic/491" time="0">
	</testcase>
	
	
	<testcase classname="xfstests.global" name="generic/492" time="0">
	</testcase>
	
	
	<testcase classname="xfstests.global" name="generic/493" time="0">
		
		
		<skipped message="Dedupe not supported by scratch filesystem type: ext4"/>
		
	
	</testcase>
	
	
	<testcase classname="xfstests.global" name="generic/494" time="0">
	</testcase>
	
	
	<testcase classname="xfstests.global" name="generic/495" time="0">
	</testcase>
	
	
	<testcase classname="xfstests.global" name="generic/496" time="0">
	</testcase>
	
	
	<testcase classname="xfstests.global" name="generic/497" time="1">
	</testcase>
	
	
	<testcase classname="xfstests.global" name="generic/498" time="1">
	</testcase>
	
	
	<testcase classname="xfstests.global" name="generic/499" time="0">
	</testcase>
	
	
	<testcase classname="xfstests.global" name="generic/502" time="1">
	</testcase>
	
	
	<testcase classname="xfstests.global" name="generic/504" time="0">
	</testcase>
	
	
	<testcase classname="xfstests.global" name="generic/505" time="1">
	</testcase>
	
	
	<testcase classname="xfstests.global" name="generic/507" time="1">
	</testcase>
	
	
	<testcase classname="xfstests.global" name="generic/508" time="0">
	</testcase>
	
	
	<testcase classname="xfstests.global" name="generic/509" time="1">
	</testcase>
	
	
	<testcase classname="xfstests.global" name="generic/510" time="0">
	</testcase>
	
	
	<testcase classname="xfstests.global" name="generic/511" time="1">
	</testcase>
	
	
	<testcase classname="xfstests.global" name="generic/512" time="0">
	</testcase>
	
	
	<testcase classname="xfstests.global" name="generic/519" time="0">
	</testcase>
	
	
	<testcase classname="xfstests.global" name="generic/520" time="4">
	</testcase>
	
	
	<testcase classname="xfstests.global" name="generic/523" time="1">
	</testcase>
	
	
	<testcase classname="xfstests.global" name="generic/524" time="2">
	</testcase>
	
	
	<testcase classname="xfstests.global" name="generic/525" time="0">
		
		
		<skipped message="filesystem does not support huge file size"/>
		
	
	</testcase>
	
	
	<testcase classname="xfstests.global" name="generic/526" time="1">
	</testcase>
	
	
	<testcase classname="xfstests.global" name="generic/527" time="0">
	</testcase>
	
	
	<testcase classname="xfstests.global" name="generic/528" time="1">
	</testcase>
	
	
	<testcase classname="xfstests.global" name="generic/529" time="0">
	</testcase>
	
	
	<testcase classname="xfstests.global" name="generic/530" time="1">
	</testcase>
	
	
	<testcase classname="xfstests.global" name="generic/531" time="1">
	</testcase>
	
	
	<testcase classname="xfstests.global" name="generic/532" time="0">
	</testcase>
	
	
	<testcase classname="xfstests.global" name="generic/533" time="0">
	</testcase>
	
	
	<testcase classname="xfstests.global" name="generic/534" time="1">
	</testcase>
	
	
	<testcase classname="xfstests.global" name="generic/535" time="0">
	</testcase>
	
	
	<testcase classname="xfstests.global" name="generic/536" time="0">
	</testcase>
	
	
	<testcase classname="xfstests.global" name="generic/537" time="1">
	</testcase>
	
	
	<testcase classname="xfstests.global" name="generic/538" time="1">
	</testcase>
	
	
	<testcase classname="xfstests.global" name="generic/539" time="0">
		
		
		<skipped message="File system does not support llseek(2) SEEK_DATA/HOLE"/>
		
	
	</testcase>
	
	
	<testcase classname="xfstests.global" name="generic/545" time="0">
	</testcase>
	
	
	<testcase classname="xfstests.global" name="generic/547" time="1">
	</testcase>
	
	
	<testcase classname="xfstests.global" name="generic/548" time="1">
	</testcase>
	
	
	<testcase classname="xfstests.global" name="generic/549" time="1">
	</testcase>
	
	
	<testcase classname="xfstests.global" name="generic/550" time="2">
	</testcase>
	
	
	<testcase classname="xfstests.global" name="generic/552" time="1">
	</testcase>
	
	
	<testcase classname="xfstests.global" name="generic/553" time="0">
	</testcase>
	
	
	<testcase classname="xfstests.global" name="generic/554" time="1">
	</testcase>
	
	
	<testcase classname="xfstests.global" name="generic/555" time="0">
	</testcase>
	
	
	<testcase classname="xfstests.global" name="generic/556" time="0">
	</testcase>
	
	
	<testcase classname="xfstests.global" name="generic/557" time="0">
	</testcase>
	
	
	<testcase classname="xfstests.global" name="generic/563" time="2">
	</testcase>
	
	
	<testcase classname="xfstests.global" name="generic/564" time="0">
	</testcase>
	
	
	<testcase classname="xfstests.global" name="generic/565" time="1">
		
		
		<skipped message="ext4 does not support cross-device copy_file_range"/>
		
	
	</testcase>
	
	
	<testcase classname="xfstests.global" name="generic/566" time="0">
	</testcase>
	
	
	<testcase classname="xfstests.global" name="generic/567" time="0">
	</testcase>
	
	
	<testcase classname="xfstests.global" name="generic/568" time="0">
	</testcase>
	
	
	<testcase classname="xfstests.global" name="generic/569" time="1">
	</testcase>
	
	
	<testcase classname="xfstests.global" name="generic/570" time="0">
	</testcase>
	
	
	<testcase classname="xfstests.global" name="generic/571" time="6">
	</testcase>
	
	
	<testcase classname="xfstests.global" name="generic/572" time="2">
	</testcase>
	
	
	<testcase classname="xfstests.global" name="generic/573" time="1">
	</testcase>
	
	
	<testcase classname="xfstests.global" name="generic/574" time="4">
	</testcase>
	
	
	<testcase classname="xfstests.global" name="generic/575" time="2">
	</testcase>
	
	
	<testcase classname="xfstests.global" name="generic/576" time="1">
	</testcase>
	
	
	<testcase classname="xfstests.global" name="generic/577" time="4">
	</testcase>
	
	
	<testcase classname="xfstests.global" name="generic/580" time="0">
	</testcase>
	
	
	<testcase classname="xfstests.global" name="generic/581" time="1">
	</testcase>
	
	
	<testcase classname="xfstests.global" name="generic/582" time="1">
	</testcase>
	
	
	<testcase classname="xfstests.global" name="generic/583" time="1">
	</testcase>
	
	
	<testcase classname="xfstests.global" name="generic/584" time="2">
	</testcase>
	
	
	<testcase classname="xfstests.global" name="generic/586" time="4">
	</testcase>
	
	
	<testcase classname="xfstests.global" name="generic/587" time="1">
	</testcase>
	
	
	<testcase classname="xfstests.global" name="generic/591" time="1">
	</testcase>
	
	
	<testcase classname="xfstests.global" name="generic/592" time="1">
	</testcase>
	
	
	<testcase classname="xfstests.global" name="generic/593" time="0">
	</testcase>
	
	
	<testcase classname="xfstests.global" name="generic/594" time="0">
	</testcase>
	
	
	<testcase classname="xfstests.global" name="generic/595" time="5">
	</testcase>
	
	
	<testcase classname="xfstests.global" name="generic/596" time="0">
		
		
		<skipped message="accton utility required, skipped this test"/>
		
	
	</testcase>
	
	
	<testcase classname="xfstests.global" name="generic/597" time="0">
	</testcase>
	
	
	<testcase classname="xfstests.global" name="generic/598" time="0">
	</testcase>
	
	
	<testcase classname="xfstests.global" name="generic/599" time="0">
	</testcase>
	
	
	<testcase classname="xfstests.global" name="generic/600" time="3">
	</testcase>
	
	
	<testcase classname="xfstests.global" name="generic/601" time="4">
	</testcase>
	
	
	<testcase classname="xfstests.global" name="generic/602" time="1">
	</testcase>
	
	
	<testcase classname="xfstests.global" name="generic/603" time="49">
	</testcase>
	
	
	<testcase classname="xfstests.global" name="generic/604" time="0">
	</testcase>
	
	
	<testcase classname="xfstests.global" name="generic/609" time="1">
	</testcase>
	
	
	<testcase classname="xfstests.global" name="generic/610" time="0">
	</testcase>
	
	
	<testcase classname="xfstests.global" name="generic/611" time="0">
	</testcase>
	
	
	<testcase classname="xfstests.global" name="generic/613" time="2">
	</testcase>
	
	
	<testcase classname="xfstests.global" name="generic/614" time="0">
	</testcase>
	
	
	<testcase classname="xfstests.global" name="generic/615" time="8">
	</testcase>
	
	
	<testcase classname="xfstests.global" name="generic/618" time="1">
	</testcase>
	
	
	<testcase classname="xfstests.global" name="generic/620" time="2">
	</testcase>
	
	
	<testcase classname="xfstests.global" name="generic/621" time="5">
	</testcase>
	
	
	<testcase classname="xfstests.global" name="generic/623" time="1">
	</testcase>
	
	
	<testcase classname="xfstests.global" name="generic/624" time="0">
	</testcase>
	
	
	<testcase classname="xfstests.global" name="generic/625" time="1">
	</testcase>
	
	
	<testcase classname="xfstests.global" name="generic/626" time="1">
	</testcase>
	
	
	<testcase classname="xfstests.global" name="generic/629" time="1">
	</testcase>
	
	
	<testcase classname="xfstests.global" name="generic/632" time="1">
	</testcase>
	
	
	<testcase classname="xfstests.global" name="generic/633" time="0">
	</testcase>
	
	
	<testcase classname="xfstests.global" name="generic/634" time="0">
	</testcase>
	
	
	<testcase classname="xfstests.global" name="generic/635" time="0">
	</testcase>
	
	
	<testcase classname="xfstests.global" name="generic/636" time="1">
	</testcase>
	
	
	<testcase classname="xfstests.global" name="generic/637" time="0">
	</testcase>
	
	
	<testcase classname="xfstests.global" name="generic/638" time="1">
	</testcase>
	
	
	<testcase classname="xfstests.global" name="generic/639" time="0">
	</testcase>
	
	
	<testcase classname="xfstests.global" name="generic/640" time="1">
	</testcase>
	
	
	<testcase classname="xfstests.global" name="generic/641" time="0">
	</testcase>
	
	
	<testcase classname="xfstests.global" name="generic/644" time="1">
	</testcase>
	
	
	<testcase classname="xfstests.global" name="generic/645" time="0">
	</testcase>
	
	
	<testcase classname="xfstests.global" name="generic/646" time="0">
	</testcase>
	
	
	<testcase classname="xfstests.global" name="generic/647" time="0">
	</testcase>
	
	
	<testcase classname="xfstests.global" name="generic/676" time="2">
	</testcase>
	
	
	<testcase classname="xfstests.global" name="generic/677" time="1">
	</testcase>
	
	
	<testcase classname="xfstests.global" name="generic/678" time="0">
	</testcase>
	
	
	<testcase classname="xfstests.global" name="generic/679" time="2">
	</testcase>
	
	
	<testcase classname="xfstests.global" name="generic/680" time="1">
	</testcase>
	
	
	<testcase classname="xfstests.global" name="generic/681" time="0">
	</testcase>
	
	
	<testcase classname="xfstests.global" name="generic/682" time="1">
	</testcase>
	
	
	<testcase classname="xfstests.global" name="generic/688" time="0">
	</testcase>
	
	
	<testcase classname="xfstests.global" name="generic/689" time="1">
	</testcase>
	
	
	<testcase classname="xfstests.global" name="generic/690" time="0">
	</testcase>
	
	
	<testcase classname="xfstests.global" name="generic/692" time="1">
	</testcase>
	
	
	<testcase classname="xfstests.global" name="generic/693" time="0">
		
		
		<skipped message="encryption policy '-c 1 -n 10 -v 2 -f 0' is unusable; probably missing kernel crypto API support"/>
		
	
	</testcase>
	
	
	<testcase classname="xfstests.global" name="generic/695" time="0">
	</testcase>
	
	
	<testcase classname="xfstests.global" name="generic/696" time="0">
	</testcase>
	
	
	<testcase classname="xfstests.global" name="generic/697" time="0">
	</testcase>
	
	
	<testcase classname="xfstests.global" name="generic/698" time="0">
	</testcase>
	
	
	<testcase classname="xfstests.global" name="generic/699" time="1">
		
		
		<skipped message="overlayfs doesn't support idmappped layers"/>
		
	
	</testcase>
	
	
	<testcase classname="xfstests.global" name="generic/700" time="0">
		
		
		<skipped message="Require selinux to be enabled"/>
		
	
	</testcase>
	
	
	<testcase classname="xfstests.global" name="generic/703" time="33">
		
		
		<failure message="_check_dmesg: something found in dmesg (see /results/ext4/results-adv/generic/703.dmesg)" type="TestFail"/>
		
	
	</testcase>
	
	
	<testcase classname="xfstests.global" name="generic/703" time="16">
	</testcase>
	
	
	<testcase classname="xfstests.global" name="generic/703" time="93">
		
		
		<failure message="_check_dmesg: something found in dmesg (see /results/ext4/results-adv/generic/703.dmesg)" type="TestFail"/>
		
	
	</testcase>
	
	
	<testcase classname="xfstests.global" name="generic/703" time="51">
		
		
		<failure message="_check_dmesg: something found in dmesg (see /results/ext4/results-adv/generic/703.dmesg)" type="TestFail"/>
		
	
	</testcase>
	
	
	<testcase classname="xfstests.global" name="generic/703" time="44">
		
		
		<failure message="_check_dmesg: something found in dmesg (see /results/ext4/results-adv/generic/703.dmesg)" type="TestFail"/>
		
	
	</testcase>
	
	
	<testcase classname="xfstests.global" name="generic/704" time="1">
		
		
		<skipped message="scsi_debug module not found"/>
		
	
	</testcase>
	
	
	<testcase classname="xfstests.global" name="generic/706" time="0">
		
		
		<skipped message="File system does not support llseek(2) SEEK_DATA/HOLE"/>
		
	
	</testcase>
	
	
	<testcase classname="xfstests.global" name="generic/708" time="0">
	</testcase>
	
	
	<testcase classname="xfstests.global" name="generic/709" time="0">
		
		
		<skipped message="xfs_io exchangerange  not supported on ext4"/>
		
	
	</testcase>
	
	
	<testcase classname="xfstests.global" name="generic/710" time="0">
		
		
		<skipped message="xfs_io exchangerange  not supported on ext4"/>
		
	
	</testcase>
	
	
	<testcase classname="xfstests.global" name="generic/711" time="0">
		
		
		<skipped message="xfs_io swapext  not supported on ext4"/>
		
	
	</testcase>
	
	
	<testcase classname="xfstests.global" name="generic/712" time="1">
		
		
		<skipped message="xfs_io exchangerange  not supported on ext4"/>
		
	
	</testcase>
	
	
	<testcase classname="xfstests.global" name="generic/713" time="0">
		
		
		<skipped message="xfs_io exchangerange  -s 64k -l 64k not supported on ext4"/>
		
	
	</testcase>
	
	
	<testcase classname="xfstests.global" name="generic/714" time="0">
		
		
		<skipped message="xfs_io exchangerange  not supported on ext4"/>
		
	
	</testcase>
	
	
	<testcase classname="xfstests.global" name="generic/715" time="0">
		
		
		<skipped message="xfs_io exchangerange  -s 64k -l 64k not supported on ext4"/>
		
	
	</testcase>
	
	
	<testcase classname="xfstests.global" name="generic/716" time="0">
		
		
		<skipped message="xfs_io exchangerange  not supported on ext4"/>
		
	
	</testcase>
	
	
	<testcase classname="xfstests.global" name="generic/717" time="0">
		
		
		<skipped message="xfs_io exchangerange  not supported on ext4"/>
		
	
	</testcase>
	
	
	<testcase classname="xfstests.global" name="generic/718" time="0">
		
		
		<skipped message="xfs_io exchangerange  not supported on ext4"/>
		
	
	</testcase>
	
	
	<testcase classname="xfstests.global" name="generic/719" time="0">
		
		
		<skipped message="xfs_io exchangerange  not supported on ext4"/>
		
	
	</testcase>
	
	
	<testcase classname="xfstests.global" name="generic/720" time="0">
		
		
		<skipped message="xfs_io exchangerange  not supported on ext4"/>
		
	
	</testcase>
	
	
	<testcase classname="xfstests.global" name="generic/721" time="0">
		
		
		<skipped message="xfs_io startupdate  not supported on ext4"/>
		
	
	</testcase>
	
	
	<testcase classname="xfstests.global" name="generic/722" time="1">
		
		
		<skipped message="xfs_io exchangerange  not supported on ext4"/>
		
	
	</testcase>
	
	
	<testcase classname="xfstests.global" name="generic/723" time="0">
		
		
		<skipped message="xfs_io exchangerange  not supported on ext4"/>
		
	
	</testcase>
	
	
	<testcase classname="xfstests.global" name="generic/724" time="0">
		
		
		<skipped message="xfs_io exchangerange  not supported on ext4"/>
		
	
	</testcase>
	
	
	<testcase classname="xfstests.global" name="generic/725" time="0">
		
		
		<skipped message="xfs_io exchangerange  not supported on ext4"/>
		
	
	</testcase>
	
	
	<testcase classname="xfstests.global" name="generic/726" time="0">
		
		
		<skipped message="xfs_io exchangerange  not supported on ext4"/>
		
	
	</testcase>
	
	
	<testcase classname="xfstests.global" name="generic/727" time="0">
		
		
		<skipped message="xfs_io exchangerange  not supported on ext4"/>
		
	
	</testcase>
	
	
	<testcase classname="xfstests.global" name="generic/728" time="5">
	</testcase>
	
	
	<testcase classname="xfstests.global" name="generic/729" time="0">
	</testcase>
	
	
	<testcase classname="xfstests.global" name="generic/730" time="0">
		
		
		<skipped message="scsi_debug module not found"/>
		
	
	</testcase>
	
	
	<testcase classname="xfstests.global" name="generic/731" time="0">
		
		
		<skipped message="scsi_debug module not found"/>
		
	
	</testcase>
	
	
	<testcase classname="xfstests.global" name="generic/732" time="0">
	</testcase>
	
	
	<testcase classname="xfstests.global" name="generic/735" time="1">
	</testcase>
	
	
	<testcase classname="xfstests.global" name="generic/736" time="1">
	</testcase>
	
	
	<testcase classname="xfstests.global" name="generic/738" time="7">
	</testcase>
	
	
	<testcase classname="xfstests.global" name="generic/739" time="3">
	</testcase>
	
	
	<testcase classname="xfstests.global" name="generic/740" time="0">
		
		
		<skipped message="not suitable for this filesystem type: ext4"/>
		
	
	</testcase>
	
	
	<testcase classname="xfstests.global" name="generic/741" time="1">
	</testcase>
	
	
	<testcase classname="xfstests.global" name="generic/742" time="0">
	</testcase>
	
	
	<testcase classname="xfstests.global" name="generic/745" time="0">
		
		
		<skipped message="Requires support for &gt; 1000 xattrs"/>
		
	
	</testcase>
	
	
	<testcase classname="xfstests.global" name="generic/748" time="58">
	</testcase>
	
	
	<testcase classname="xfstests.global" name="generic/749" time="2">
	</testcase>
	
	
	<testcase classname="xfstests.global" name="generic/752" time="0">
		
		
		<skipped message="xfs_io exchangerange  not supported on ext4"/>
		
	
	</testcase>
	
	
	<testcase classname="xfstests.global" name="generic/755" time="2">
	</testcase>
	
	
	<testcase classname="xfstests.global" name="generic/756" time="1">
	</testcase>
	
	
	<testcase classname="xfstests.global" name="generic/757" time="4">
		
		
		<failure message="- output mismatch (see /results/ext4/results-adv/generic/757.out.bad)" type="TestFail"/>
		
	
	</testcase>
	
	
	<testcase classname="xfstests.global" name="generic/757" time="4">
		
		
		<failure message="- output mismatch (see /results/ext4/results-adv/generic/757.out.bad)" type="TestFail"/>
		
	
	</testcase>
	
	
	<testcase classname="xfstests.global" name="generic/757" time="4">
		
		
		<failure message="- output mismatch (see /results/ext4/results-adv/generic/757.out.bad)" type="TestFail"/>
		
	
	</testcase>
	
	
	<testcase classname="xfstests.global" name="generic/757" time="4">
		
		
		<failure message="- output mismatch (see /results/ext4/results-adv/generic/757.out.bad)" type="TestFail"/>
		
	
	</testcase>
	
	
	<testcase classname="xfstests.global" name="generic/757" time="3">
		
		
		<failure message="- output mismatch (see /results/ext4/results-adv/generic/757.out.bad)" type="TestFail"/>
		
	
	</testcase>
	

</testsuite>
